This is METAFONT, Version 2.718281 (TeX Live 2013) (base=mf 2016.8.17)  28 AUG 2016 16:38
**/home/kurmasz/piublic/CS451/bin/LSJ.jar
(/home/kurmasz/public/CS451/bin/JLS.jar
! Text line contains an invalid character.
l.1 PK^^C
         ^^D^^T^^@^^H^^H^^H^^@î«ğH^^@^^@^^@^^@^^@^^@^^@^^@^^@^^@^^@^^@	^^@^^...

? cd
Type <return> to proceed, S to scroll future error messages,
R to run without stopping, Q to run quietly,
I to insert something, E to edit your file,
H for help, X to quit.
? q
OK, entering batchmode...
! Text line contains an invalid character.
l.1 PK^^C^^D
            ^^T^^@^^H^^H^^H^^@î«ğH^^@^^@^^@^^@^^@^^@^^@^^@^^@^^@^^@^^@	^^@^^...
A funny symbol that I can't read has just been input.
Continue, and I'll forget that it ever happened.

! Text line contains an invalid character.
l.1 PK^^C^^D^^T
               ^^@^^H^^H^^H^^@î«ğH^^@^^@^^@^^@^^@^^@^^@^^@^^@^^@^^@^^@	^^@^^...
A funny symbol that I can't read has just been input.
Continue, and I'll forget that it ever happened.

! Text line contains an invalid character.
l.1 PK^^C^^D^^T^^@
                  ^^H^^H^^H^^@î«ğH^^@^^@^^@^^@^^@^^@^^@^^@^^@^^@^^@^^@	^^@^^...
A funny symbol that I can't read has just been input.
Continue, and I'll forget that it ever happened.

! Text line contains an invalid character.
l.1 PK^^C^^D^^T^^@^^H
                     ^^H^^H^^@î«ğH^^@^^@^^@^^@^^@^^@^^@^^@^^@^^@^^@^^@	^^@^^...
A funny symbol that I can't read has just been input.
Continue, and I'll forget that it ever happened.

! Text line contains an invalid character.
l.1 PK^^C^^D^^T^^@^^H^^H
                        ^^H^^@î«ğH^^@^^@^^@^^@^^@^^@^^@^^@^^@^^@^^@^^@	^^@^^...
A funny symbol that I can't read has just been input.
Continue, and I'll forget that it ever happened.

! Text line contains an invalid character.
l.1 PK^^C^^D^^T^^@^^H^^H^^H
                           ^^@î«ğH^^@^^@^^@^^@^^@^^@^^@^^@^^@^^@^^@^^@	^^@^^...
A funny symbol that I can't read has just been input.
Continue, and I'll forget that it ever happened.

! Text line contains an invalid character.
l.1 PK^^C^^D^^T^^@^^H^^H^^H^^@
                              î«ğH^^@^^@^^@^^@^^@^^@^^@^^@^^@^^@^^@^^@	^^@^^...
A funny symbol that I can't read has just been input.
Continue, and I'll forget that it ever happened.

! Text line contains an invalid character.
l.1 PK^^C^^D^^T^^@^^H^^H^^H^^@î
                               «ğH^^@^^@^^@^^@^^@^^@^^@^^@^^@^^@^^@^^@	^^@^^...
A funny symbol that I can't read has just been input.
Continue, and I'll forget that it ever happened.

! Text line contains an invalid character.
l.1 PK^^C^^D^^T^^@^^H^^H^^H^^@î«
                                ğH^^@^^@^^@^^@^^@^^@^^@^^@^^@^^@^^@^^@	^^@^^...
A funny symbol that I can't read has just been input.
Continue, and I'll forget that it ever happened.

! Text line contains an invalid character.
l.1 PK^^C^^D^^T^^@^^H^^H^^H^^@î«ğ
                                 H^^@^^@^^@^^@^^@^^@^^@^^@^^@^^@^^@^^@	^^@^^...
A funny symbol that I can't read has just been input.
Continue, and I'll forget that it ever happened.

! Text line contains an invalid character.
l.1 PK^^C^^D^^T^^@^^H^^H^^H^^@î«ğH^^@
                                     ^^@^^@^^@^^@^^@^^@^^@^^@^^@^^@^^@	^^@^^...
A funny symbol that I can't read has just been input.
Continue, and I'll forget that it ever happened.

! Text line contains an invalid character.
l.1 PK^^C^^D^^T^^@^^H^^H^^H^^@î«ğH^^@^^@
                                        ^^@^^@^^@^^@^^@^^@^^@^^@^^@^^@	^^@^^...
A funny symbol that I can't read has just been input.
Continue, and I'll forget that it ever happened.

! Text line contains an invalid character.
l.1 PK^^C^^D^^T^^@^^H^^H^^H^^@î«ğH^^@^^@^^@
                                           ^^@^^@^^@^^@^^@^^@^^@^^@^^@	^^@^^...
A funny symbol that I can't read has just been input.
Continue, and I'll forget that it ever happened.

! Text line contains an invalid character.
l.1 PK^^C^^D^^T^^@^^H^^H^^H^^@î«ğH^^@^^@^^@^^@
                                              ^^@^^@^^@^^@^^@^^@^^@^^@	^^@^^...
A funny symbol that I can't read has just been input.
Continue, and I'll forget that it ever happened.

! Text line contains an invalid character.
l.1 PK^^C^^D^^T^^@^^H^^H^^H^^@î«ğH^^@^^@^^@^^@^^@
                                                 ^^@^^@^^@^^@^^@^^@^^@	^^@^^...
A funny symbol that I can't read has just been input.
Continue, and I'll forget that it ever happened.

! Text line contains an invalid character.
l.1 ...^^D^^T^^@^^H^^H^^H^^@î«ğH^^@^^@^^@^^@^^@^^@
                                                  ^^@^^@^^@^^@^^@^^@	^^@^^D^...
A funny symbol that I can't read has just been input.
Continue, and I'll forget that it ever happened.

! Text line contains an invalid character.
l.1 ...^^T^^@^^H^^H^^H^^@î«ğH^^@^^@^^@^^@^^@^^@^^@
                                                  ^^@^^@^^@^^@^^@	^^@^^D^^@M...
A funny symbol that I can't read has just been input.
Continue, and I'll forget that it ever happened.

! Text line contains an invalid character.
l.1 ...^^@^^H^^H^^H^^@î«ğH^^@^^@^^@^^@^^@^^@^^@^^@
                                                  ^^@^^@^^@^^@	^^@^^D^^@META...
A funny symbol that I can't read has just been input.
Continue, and I'll forget that it ever happened.

! Text line contains an invalid character.
l.1 ...^^H^^H^^H^^@î«ğH^^@^^@^^@^^@^^@^^@^^@^^@^^@
                                                  ^^@^^@^^@	^^@^^D^^@META-IN...
A funny symbol that I can't read has just been input.
Continue, and I'll forget that it ever happened.

! Text line contains an invalid character.
l.1 ...^^H^^H^^@î«ğH^^@^^@^^@^^@^^@^^@^^@^^@^^@^^@
                                                  ^^@^^@	^^@^^D^^@META-INF/ş...
A funny symbol that I can't read has just been input.
Continue, and I'll forget that it ever happened.

! Text line contains an invalid character.
l.1 ...^^H^^@î«ğH^^@^^@^^@^^@^^@^^@^^@^^@^^@^^@^^@
                                                  ^^@	^^@^^D^^@META-INF/şÊ^^...
A funny symbol that I can't read has just been input.
Continue, and I'll forget that it ever happened.

! Text line contains an invalid character.
l.1 ...^^@î«ğH^^@^^@^^@^^@^^@^^@^^@^^@^^@^^@^^@^^@
                                                  	^^@^^D^^@META-INF/şÊ^^@^^...
A funny symbol that I can't read has just been input.
Continue, and I'll forget that it ever happened.

! Text line contains an invalid character.
l.1 ...«ğH^^@^^@^^@^^@^^@^^@^^@^^@^^@^^@^^@^^@	^^@
                                                  ^^D^^@META-INF/şÊ^^@^^@^^C...
A funny symbol that I can't read has just been input.
Continue, and I'll forget that it ever happened.

! Text line contains an invalid character.
l.1 ...^^@^^@^^@^^@^^@^^@^^@^^@^^@^^@^^@^^@	^^@^^D
                                                  ^^@META-INF/şÊ^^@^^@^^C^^@...
A funny symbol that I can't read has just been input.
Continue, and I'll forget that it ever happened.

! Text line contains an invalid character.
l.1 ...^^@^^@^^@^^@^^@^^@^^@^^@^^@^^@^^@	^^@^^D^^@
                                                  META-INF/şÊ^^@^^@^^C^^@PK^...
A funny symbol that I can't read has just been input.
Continue, and I'll forget that it ever happened.

! Text line contains an invalid character.
l.1 ...^@^^@^^@^^@^^@^^@^^@^^@	^^@^^D^^@META-INF/ş
                                                  Ê^^@^^@^^C^^@PK^^G^^H^^@^^...
A funny symbol that I can't read has just been input.
Continue, and I'll forget that it ever happened.

! Text line contains an invalid character.
l.1 ...@^^@^^@^^@^^@^^@^^@^^@	^^@^^D^^@META-INF/şÊ
                                                  ^^@^^@^^C^^@PK^^G^^H^^@^^@...
A funny symbol that I can't read has just been input.
Continue, and I'll forget that it ever happened.

! Text line contains an invalid character.
l.1 ...@^^@^^@^^@^^@^^@^^@	^^@^^D^^@META-INF/şÊ^^@
                                                  ^^@^^C^^@PK^^G^^H^^@^^@^^@...
A funny symbol that I can't read has just been input.
Continue, and I'll forget that it ever happened.

! Text line contains an invalid character.
l.1 ...@^^@^^@^^@^^@^^@	^^@^^D^^@META-INF/şÊ^^@^^@
                                                  ^^C^^@PK^^G^^H^^@^^@^^@^^@...
A funny symbol that I can't read has just been input.
Continue, and I'll forget that it ever happened.

! Text line contains an invalid character.
l.1 ...@^^@^^@^^@^^@	^^@^^D^^@META-INF/şÊ^^@^^@^^C
                                                  ^^@PK^^G^^H^^@^^@^^@^^@^^B...
A funny symbol that I can't read has just been input.
Continue, and I'll forget that it ever happened.

! Text line contains an invalid character.
l.1 ...@^^@^^@^^@	^^@^^D^^@META-INF/şÊ^^@^^@^^C^^@
                                                  PK^^G^^H^^@^^@^^@^^@^^B^^@...
A funny symbol that I can't read has just been input.
Continue, and I'll forget that it ever happened.

! Text line contains an invalid character.
l.1 ...^@^^@	^^@^^D^^@META-INF/şÊ^^@^^@^^C^^@PK^^G
                                                  ^^H^^@^^@^^@^^@^^B^^@^^@^^...
A funny symbol that I can't read has just been input.
Continue, and I'll forget that it ever happened.

! Text line contains an invalid character.
l.1 ...^@	^^@^^D^^@META-INF/şÊ^^@^^@^^C^^@PK^^G^^H
                                                  ^^@^^@^^@^^@^^B^^@^^@^^@^^...
A funny symbol that I can't read has just been input.
Continue, and I'll forget that it ever happened.

! Text line contains an invalid character.
l.1 ...^^@^^D^^@META-INF/şÊ^^@^^@^^C^^@PK^^G^^H^^@
                                                  ^^@^^@^^@^^B^^@^^@^^@^^@^^...
A funny symbol that I can't read has just been input.
Continue, and I'll forget that it ever happened.

! Text line contains an invalid character.
l.1 ...^^D^^@META-INF/şÊ^^@^^@^^C^^@PK^^G^^H^^@^^@
                                                  ^^@^^@^^B^^@^^@^^@^^@^^@^^...
A funny symbol that I can't read has just been input.
Continue, and I'll forget that it ever happened.

! Text line contains an invalid character.
l.1 ...^^@META-INF/şÊ^^@^^@^^C^^@PK^^G^^H^^@^^@^^@
                                                  ^^@^^B^^@^^@^^@^^@^^@^^@^^...
A funny symbol that I can't read has just been input.
Continue, and I'll forget that it ever happened.

! Text line contains an invalid character.
l.1 ...META-INF/şÊ^^@^^@^^C^^@PK^^G^^H^^@^^@^^@^^@
                                                  ^^B^^@^^@^^@^^@^^@^^@^^@PK...
A funny symbol that I can't read has just been input.
Continue, and I'll forget that it ever happened.

! Text line contains an invalid character.
l.1 ...A-INF/şÊ^^@^^@^^C^^@PK^^G^^H^^@^^@^^@^^@^^B
                                                  ^^@^^@^^@^^@^^@^^@^^@PK^^C...
A funny symbol that I can't read has just been input.
Continue, and I'll forget that it ever happened.

! Text line contains an invalid character.
l.1 ...NF/şÊ^^@^^@^^C^^@PK^^G^^H^^@^^@^^@^^@^^B^^@
                                                  ^^@^^@^^@^^@^^@^^@PK^^C^^D...
A funny symbol that I can't read has just been input.
Continue, and I'll forget that it ever happened.

! Text line contains an invalid character.
l.1 ...şÊ^^@^^@^^C^^@PK^^G^^H^^@^^@^^@^^@^^B^^@^^@
                                                  ^^@^^@^^@^^@^^@PK^^C^^D^^T...
A funny symbol that I can't read has just been input.
Continue, and I'll forget that it ever happened.

! Text line contains an invalid character.
l.1 ...^@^^@^^C^^@PK^^G^^H^^@^^@^^@^^@^^B^^@^^@^^@
                                                  ^^@^^@^^@^^@PK^^C^^D^^T^^@...
A funny symbol that I can't read has just been input.
Continue, and I'll forget that it ever happened.

! Text line contains an invalid character.
l.1 ...^@^^C^^@PK^^G^^H^^@^^@^^@^^@^^B^^@^^@^^@^^@
                                                  ^^@^^@^^@PK^^C^^D^^T^^@^^H...
A funny symbol that I can't read has just been input.
Continue, and I'll forget that it ever happened.

! Text line contains an invalid character.
l.1 ...^C^^@PK^^G^^H^^@^^@^^@^^@^^B^^@^^@^^@^^@^^@
                                                  ^^@^^@PK^^C^^D^^T^^@^^H^^H...
A funny symbol that I can't read has just been input.
Continue, and I'll forget that it ever happened.

! Text line contains an invalid character.
l.1 ...^@PK^^G^^H^^@^^@^^@^^@^^B^^@^^@^^@^^@^^@^^@
                                                  ^^@PK^^C^^D^^T^^@^^H^^H^^H...
A funny symbol that I can't read has just been input.
Continue, and I'll forget that it ever happened.

! Text line contains an invalid character.
l.1 ...K^^G^^H^^@^^@^^@^^@^^B^^@^^@^^@^^@^^@^^@^^@
                                                  PK^^C^^D^^T^^@^^H^^H^^H^^@...
A funny symbol that I can't read has just been input.
Continue, and I'll forget that it ever happened.

! Text line contains an invalid character.
l.1 ...^H^^@^^@^^@^^@^^B^^@^^@^^@^^@^^@^^@^^@PK^^C
                                                  ^^D^^T^^@^^H^^H^^H^^@î«ğH^...
A funny symbol that I can't read has just been input.
Continue, and I'll forget that it ever happened.

! Text line contains an invalid character.
l.1 ...^@^^@^^@^^@^^B^^@^^@^^@^^@^^@^^@^^@PK^^C^^D
                                                  ^^T^^@^^H^^H^^H^^@î«ğH^^@^...
A funny symbol that I can't read has just been input.
Continue, and I'll forget that it ever happened.

! Text line contains an invalid character.
l.1 ...^@^^@^^@^^B^^@^^@^^@^^@^^@^^@^^@PK^^C^^D^^T
                                                  ^^@^^H^^H^^H^^@î«ğH^^@^^@^...
A funny symbol that I can't read has just been input.
Continue, and I'll forget that it ever happened.

! Text line contains an invalid character.
l.1 ...^@^^@^^B^^@^^@^^@^^@^^@^^@^^@PK^^C^^D^^T^^@
                                                  ^^H^^H^^H^^@î«ğH^^@^^@^^@^...
A funny symbol that I can't read has just been input.
Continue, and I'll forget that it ever happened.

! Text line contains an invalid character.
l.1 ...^@^^B^^@^^@^^@^^@^^@^^@^^@PK^^C^^D^^T^^@^^H
                                                  ^^H^^H^^@î«ğH^^@^^@^^@^^@^...
A funny symbol that I can't read has just been input.
Continue, and I'll forget that it ever happened.

! Text line contains an invalid character.
l.1 ...^B^^@^^@^^@^^@^^@^^@^^@PK^^C^^D^^T^^@^^H^^H
                                                  ^^H^^@î«ğH^^@^^@^^@^^@^^@^...
A funny symbol that I can't read has just been input.
Continue, and I'll forget that it ever happened.

! Text line contains an invalid character.
l.1 ...^@^^@^^@^^@^^@^^@^^@PK^^C^^D^^T^^@^^H^^H^^H
                                                  ^^@î«ğH^^@^^@^^@^^@^^@^^@^...
A funny symbol that I can't read has just been input.
Continue, and I'll forget that it ever happened.

! Text line contains an invalid character.
l.1 ...^@^^@^^@^^@^^@^^@PK^^C^^D^^T^^@^^H^^H^^H^^@
                                                  î«ğH^^@^^@^^@^^@^^@^^@^^@^...
A funny symbol that I can't read has just been input.
Continue, and I'll forget that it ever happened.

! Text line contains an invalid character.
l.1 ...@^^@^^@^^@^^@^^@PK^^C^^D^^T^^@^^H^^H^^H^^@î
                                                  «ğH^^@^^@^^@^^@^^@^^@^^@^^...
A funny symbol that I can't read has just been input.
Continue, and I'll forget that it ever happened.

! Text line contains an invalid character.
l.1 ...^^@^^@^^@^^@^^@PK^^C^^D^^T^^@^^H^^H^^H^^@î«
                                                  ğH^^@^^@^^@^^@^^@^^@^^@^^@...
A funny symbol that I can't read has just been input.
Continue, and I'll forget that it ever happened.

! Text line contains an invalid character.
l.1 ...^@^^@^^@^^@^^@PK^^C^^D^^T^^@^^H^^H^^H^^@î«ğ
                                                  H^^@^^@^^@^^@^^@^^@^^@^^@^...
A funny symbol that I can't read has just been input.
Continue, and I'll forget that it ever happened.

! Text line contains an invalid character.
l.1 ...@^^@^^@^^@PK^^C^^D^^T^^@^^H^^H^^H^^@î«ğH^^@
                                                  ^^@^^@^^@^^@^^@^^@^^@^^@^^...
A funny symbol that I can't read has just been input.
Continue, and I'll forget that it ever happened.

! Text line contains an invalid character.
l.1 ...@^^@^^@PK^^C^^D^^T^^@^^H^^H^^H^^@î«ğH^^@^^@
                                                  ^^@^^@^^@^^@^^@^^@^^@^^@^^...
A funny symbol that I can't read has just been input.
Continue, and I'll forget that it ever happened.

! Text line contains an invalid character.
l.1 ...@^^@PK^^C^^D^^T^^@^^H^^H^^H^^@î«ğH^^@^^@^^@
                                                  ^^@^^@^^@^^@^^@^^@^^@^^@^^...
A funny symbol that I can't read has just been input.
Continue, and I'll forget that it ever happened.

! Text line contains an invalid character.
l.1 ...@PK^^C^^D^^T^^@^^H^^H^^H^^@î«ğH^^@^^@^^@^^@
                                                  ^^@^^@^^@^^@^^@^^@^^@^^@^^...
A funny symbol that I can't read has just been input.
Continue, and I'll forget that it ever happened.

! Text line contains an invalid character.
l.1 ...^^C^^D^^T^^@^^H^^H^^H^^@î«ğH^^@^^@^^@^^@^^@
                                                  ^^@^^@^^@^^@^^@^^@^^@^^T^^...
A funny symbol that I can't read has just been input.
Continue, and I'll forget that it ever happened.

! Text line contains an invalid character.
l.1 ...^^D^^T^^@^^H^^H^^H^^@î«ğH^^@^^@^^@^^@^^@^^@
                                                  ^^@^^@^^@^^@^^@^^@^^T^^@^^...
A funny symbol that I can't read has just been input.
Continue, and I'll forget that it ever happened.

! Text line contains an invalid character.
l.1 ...^^T^^@^^H^^H^^H^^@î«ğH^^@^^@^^@^^@^^@^^@^^@
                                                  ^^@^^@^^@^^@^^@^^T^^@^^@^^...
A funny symbol that I can't read has just been input.
Continue, and I'll forget that it ever happened.

! Text line contains an invalid character.
l.1 ...^^@^^H^^H^^H^^@î«ğH^^@^^@^^@^^@^^@^^@^^@^^@
                                                  ^^@^^@^^@^^@^^T^^@^^@^^@ME...
A funny symbol that I can't read has just been input.
Continue, and I'll forget that it ever happened.

! Text line contains an invalid character.
l.1 ...^^H^^H^^H^^@î«ğH^^@^^@^^@^^@^^@^^@^^@^^@^^@
                                                  ^^@^^@^^@^^T^^@^^@^^@META-...
A funny symbol that I can't read has just been input.
Continue, and I'll forget that it ever happened.

! Text line contains an invalid character.
l.1 ...^^H^^H^^@î«ğH^^@^^@^^@^^@^^@^^@^^@^^@^^@^^@
                                                  ^^@^^@^^T^^@^^@^^@META-INF...
A funny symbol that I can't read has just been input.
Continue, and I'll forget that it ever happened.

! Text line contains an invalid character.
l.1 ...^^H^^@î«ğH^^@^^@^^@^^@^^@^^@^^@^^@^^@^^@^^@
                                                  ^^@^^T^^@^^@^^@META-INF/MA...
A funny symbol that I can't read has just been input.
Continue, and I'll forget that it ever happened.

! Text line contains an invalid character.
l.1 ...^^@î«ğH^^@^^@^^@^^@^^@^^@^^@^^@^^@^^@^^@^^@
                                                  ^^T^^@^^@^^@META-INF/MANIF...
A funny symbol that I can't read has just been input.
Continue, and I'll forget that it ever happened.

! Text line contains an invalid character.
l.1 ...î«ğH^^@^^@^^@^^@^^@^^@^^@^^@^^@^^@^^@^^@^^T
                                                  ^^@^^@^^@META-INF/MANIFEST...
A funny symbol that I can't read has just been input.
Continue, and I'll forget that it ever happened.

! Text line contains an invalid character.
l.1 ...H^^@^^@^^@^^@^^@^^@^^@^^@^^@^^@^^@^^@^^T^^@
                                                  ^^@^^@META-INF/MANIFEST.MF...
A funny symbol that I can't read has just been input.
Continue, and I'll forget that it ever happened.

! Text line contains an invalid character.
l.1 ...@^^@^^@^^@^^@^^@^^@^^@^^@^^@^^@^^@^^T^^@^^@
                                                  ^^@META-INF/MANIFEST.MFóMÌ...
A funny symbol that I can't read has just been input.
Continue, and I'll forget that it ever happened.

! Text line contains an invalid character.
l.1 ...@^^@^^@^^@^^@^^@^^@^^@^^@^^@^^@^^T^^@^^@^^@
                                                  META-INF/MANIFEST.MFóMÌËLK-.Ñ
A funny symbol that I can't read has just been input.
Continue, and I'll forget that it ever happened.

>> INF
>> PK.PK.H.META
! Not implemented: (unknown numeric)/(unknown numeric).
<to be read again> 
                   -
l.1 ...^@^^@^^@^^@^^@^^@^^@^^@^^@^^T^^@^^@^^@META-
                                                  INF/MANIFEST.MFóMÌËLK-.Ñ
I'm afraid I don't know how to apply that operation to that
combination of types. Continue, and I'll return the second
argument (see above) as the result of the operation.

! Text line contains an invalid character.
l.1 ...@^^@^^@^^@^^T^^@^^@^^@META-INF/MANIFEST.MFó
                                                  MÌËLK-.Ñ
A funny symbol that I can't read has just been input.
Continue, and I'll forget that it ever happened.

! Text line contains an invalid character.
l.1 ...^@^^@^^@^^T^^@^^@^^@META-INF/MANIFEST.MFóMÌ
                                                  ËLK-.Ñ
A funny symbol that I can't read has just been input.
Continue, and I'll forget that it ever happened.

! Text line contains an invalid character.
l.1 ...@^^@^^@^^T^^@^^@^^@META-INF/MANIFEST.MFóMÌË
                                                  LK-.Ñ
A funny symbol that I can't read has just been input.
Continue, and I'll forget that it ever happened.

>> INF
>> MANIFEST.MF.M.LK
! Not implemented: (unknown numeric)/(unknown numeric).
<to be read again> 
                   -
l.1 ...@^^@^^T^^@^^@^^@META-INF/MANIFEST.MFóMÌËLK-
                                                  .Ñ
I'm afraid I don't know how to apply that operation to that
combination of types. Continue, and I'll return the second
argument (see above) as the result of the operation.

! Text line contains an invalid character.
l.1 ...^@^^T^^@^^@^^@META-INF/MANIFEST.MFóMÌËLK-.Ñ
                                                  
A funny symbol that I can't read has just been input.
Continue, and I'll forget that it ever happened.

! A secondary expression can't begin with `*'.
<inserted text> 
                0
<to be read again> 
                   *
l.2 K-*
       ÎÌÏ³R0Ô3àår.JM,IMÑuª^^D	Xè^^YÄ›^^Y(hø^^W%&ç¤*8ç^^W^^Uä^^W%–^^@•kòrù&f...
I'm afraid I need some sort of value in order to continue,
so I've tentatively inserted `0'. You may want to
delete this zero and insert something else;
see Chapter 27 of The METAFONTbook for an example.

! Text line contains an invalid character.
l.2 K-*Î
        ÌÏ³R0Ô3àår.JM,IMÑuª^^D	Xè^^YÄ›^^Y(hø^^W%&ç¤*8ç^^W^^Uä^^W%–^^@•kòrù&f...
A funny symbol that I can't read has just been input.
Continue, and I'll forget that it ever happened.

! Text line contains an invalid character.
l.2 K-*ÎÌ
         Ï³R0Ô3àår.JM,IMÑuª^^D	Xè^^YÄ›^^Y(hø^^W%&ç¤*8ç^^W^^Uä^^W%–^^@•kòrù&f...
A funny symbol that I can't read has just been input.
Continue, and I'll forget that it ever happened.

! Text line contains an invalid character.
l.2 K-*ÎÌÏ
          ³R0Ô3àår.JM,IMÑuª^^D	Xè^^YÄ›^^Y(hø^^W%&ç¤*8ç^^W^^Uä^^W%–^^@•kòrù&f...
A funny symbol that I can't read has just been input.
Continue, and I'll forget that it ever happened.

! Text line contains an invalid character.
l.2 K-*ÎÌÏ³
           R0Ô3àår.JM,IMÑuª^^D	Xè^^YÄ›^^Y(hø^^W%&ç¤*8ç^^W^^Uä^^W%–^^@•kòrù&f...
A funny symbol that I can't read has just been input.
Continue, and I'll forget that it ever happened.

! Text line contains an invalid character.
l.2 K-*ÎÌÏ³R0Ô
              3àår.JM,IMÑuª^^D	Xè^^YÄ›^^Y(hø^^W%&ç¤*8ç^^W^^Uä^^W%–^^@•kòrù&f...
A funny symbol that I can't read has just been input.
Continue, and I'll forget that it ever happened.

! Text line contains an invalid character.
l.2 K-*ÎÌÏ³R0Ô3à
                år.JM,IMÑuª^^D	Xè^^YÄ›^^Y(hø^^W%&ç¤*8ç^^W^^Uä^^W%–^^@•kòrù&f...
A funny symbol that I can't read has just been input.
Continue, and I'll forget that it ever happened.

! Text line contains an invalid character.
l.2 K-*ÎÌÏ³R0Ô3àå
                 r.JM,IMÑuª^^D	Xè^^YÄ›^^Y(hø^^W%&ç¤*8ç^^W^^Uä^^W%–^^@•kòrù&f...
A funny symbol that I can't read has just been input.
Continue, and I'll forget that it ever happened.

>> -K-MANIFEST.MF.M.LK-PK.PK.H.META+PK.H.META
! Isolated expression.
<to be read again> 
                   ,
l.2 K-*ÎÌÏ³R0Ô3àår.JM,
                      IMÑuª^^D	Xè^^YÄ›^^Y(hø^^W%&ç¤*8ç^^W^^Uä^^W%–^^@•kòrù&f...
I couldn't find an `=' or `:=' after the
expression that is shown above this error message,
so I guess I'll just ignore it and carry on.

! Extra tokens will be flushed.
<to be read again> 
                   ,
l.2 K-*ÎÌÏ³R0Ô3àår.JM,
                      IMÑuª^^D	Xè^^YÄ›^^Y(hø^^W%&ç¤*8ç^^W^^Uä^^W%–^^@•kòrù&f...
I've just read as much of that statement as I could fathom,
so a semicolon should have been next. It's very puzzling...
but I'll try to get myself back together, by ignoring
everything up to the next `;'. Please insert a semicolon
now in front of anything that you don't want me to delete.
(See Chapter 27 of The METAFONTbook for an example.)

! Text line contains an invalid character.
l.2 K-*ÎÌÏ³R0Ô3àår.JM,IMÑ
                         uª^^D	Xè^^YÄ›^^Y(hø^^W%&ç¤*8ç^^W^^Uä^^W%–^^@•kòrù&f...
A funny symbol that I can't read has just been input.
Continue, and I'll forget that it ever happened.

! Text line contains an invalid character.
l.2 K-*ÎÌÏ³R0Ô3àår.JM,IMÑuª
                           ^^D	Xè^^YÄ›^^Y(hø^^W%&ç¤*8ç^^W^^Uä^^W%–^^@•kòrù&f...
A funny symbol that I can't read has just been input.
Continue, and I'll forget that it ever happened.

! Text line contains an invalid character.
l.2 K-*ÎÌÏ³R0Ô3àår.JM,IMÑuª^^D
                              	Xè^^YÄ›^^Y(hø^^W%&ç¤*8ç^^W^^Uä^^W%–^^@•kòrù&f...
A funny symbol that I can't read has just been input.
Continue, and I'll forget that it ever happened.

! Text line contains an invalid character.
l.2 K-*ÎÌÏ³R0Ô3àår.JM,IMÑuª^^D	Xè
                                 ^^YÄ›^^Y(hø^^W%&ç¤*8ç^^W^^Uä^^W%–^^@•kòrù&f...
A funny symbol that I can't read has just been input.
Continue, and I'll forget that it ever happened.

! Text line contains an invalid character.
l.2 K-*ÎÌÏ³R0Ô3àår.JM,IMÑuª^^D	Xè^^Y
                                    Ä›^^Y(hø^^W%&ç¤*8ç^^W^^Uä^^W%–^^@•kòrù&f...
A funny symbol that I can't read has just been input.
Continue, and I'll forget that it ever happened.

! Text line contains an invalid character.
l.2 K-*ÎÌÏ³R0Ô3àår.JM,IMÑuª^^D	Xè^^YÄ
                                     ›^^Y(hø^^W%&ç¤*8ç^^W^^Uä^^W%–^^@•kòrù&f...
A funny symbol that I can't read has just been input.
Continue, and I'll forget that it ever happened.

! Text line contains an invalid character.
l.2 K-*ÎÌÏ³R0Ô3àår.JM,IMÑuª^^D	Xè^^YÄ›
                                      ^^Y(hø^^W%&ç¤*8ç^^W^^Uä^^W%–^^@•kòrù&f...
A funny symbol that I can't read has just been input.
Continue, and I'll forget that it ever happened.

! Text line contains an invalid character.
l.2 K-*ÎÌÏ³R0Ô3àår.JM,IMÑuª^^D	Xè^^YÄ›^^Y
                                         (hø^^W%&ç¤*8ç^^W^^Uä^^W%–^^@•kòrù&f...
A funny symbol that I can't read has just been input.
Continue, and I'll forget that it ever happened.

! Text line contains an invalid character.
l.2 K-*ÎÌÏ³R0Ô3àår.JM,IMÑuª^^D	Xè^^YÄ›^^Y(hø
                                            ^^W%&ç¤*8ç^^W^^Uä^^W%–^^@•kòrù&f...
A funny symbol that I can't read has just been input.
Continue, and I'll forget that it ever happened.

! Text line contains an invalid character.
l.2 K-*ÎÌÏ³R0Ô3àår.JM,IMÑuª^^D	Xè^^YÄ›^^Y(hø^^W
                                               %&ç¤*8ç^^W^^Uä^^W%–^^@•kòrù&f...
A funny symbol that I can't read has just been input.
Continue, and I'll forget that it ever happened.

! Text line contains an invalid character.
l.3 ^^@
       ^^@^^H^^@^^@4BƒH^^@^^@^^@^^@^^@^^@^^@^^@^^@^^@^^@^^@^^D^^@^^@^^@edu/P...
A funny symbol that I can't read has just been input.
Continue, and I'll forget that it ever happened.

! Text line contains an invalid character.
l.3 ^^@^^@
          ^^H^^@^^@4BƒH^^@^^@^^@^^@^^@^^@^^@^^@^^@^^@^^@^^@^^D^^@^^@^^@edu/P...
(That makes 100 errors; please try again.)
